Построение начато 01.11.2018 16:15:02.
     1>Проект "D:\My Programs\ImageCompressor\ImageCompressor\ImageCompressor.vcxproj" в узле 2 (целевые объекты build).
     1>InitializeBuildStatus:
         Создание "Debug\ImageCompressor.unsuccessfulbuild", так как было задано "AlwaysCreate".
       ClCompile:
         Для всех выходных данных обновления не требуется.
         c:\Program Files (x86)\Microsoft Visual Studio 10.0\VC\bin\CL.exe /c /ZI /nologo /W3 /WX- /Od /Oy- /D WIN32 /D _DEBUG /D _CONSOLE /D _UNICODE /D UNICODE /Gm /EHsc /RTC1 /MDd /GS /fp:precise /Zc:wchar_t /Zc:forScope /Yu"StdAfx.h" /Fp"Debug\ImageCompressor.pch" /Fo"Debug\\" /Fd"Debug\vc100.pdb" /Gd /TP /analyze- /errorReport:prompt ImageCompressor.cpp ImageRectangle.cpp
         ImageRectangle.cpp
         ImageCompressor.cpp
         Создание кода...
     1>d:\my programs\imagecompressor\imagecompressor\imagerectangle.cpp(13): warning C4700: использована неинициализированная локальная переменная "tempTable"
       ManifestResourceCompile:
         Для всех выходных данных обновления не требуется.
       Link:
         c:\Program Files (x86)\Microsoft Visual Studio 10.0\VC\bin\link.exe /ERRORREPORT:PROMPT /OUT:"D:\My Programs\ImageCompressor\Debug\ImageCompressor.exe" /INCREMENTAL /NOLOGO kernel32.lib user32.lib gdi32.lib winspool.lib comdlg32.lib advapi32.lib shell32.lib ole32.lib oleaut32.lib uuid.lib odbc32.lib odbccp32.lib /MANIFEST /ManifestFile:"Debug\ImageCompressor.exe.intermediate.manifest" /MANIFESTUAC:"level='asInvoker' uiAccess='false'" /DEBUG /PDB:"D:\My Programs\ImageCompressor\Debug\ImageCompressor.pdb" /SUBSYSTEM:CONSOLE /TLBID:1 /DYNAMICBASE /NXCOMPAT /IMPLIB:"D:\My Programs\ImageCompressor\Debug\ImageCompressor.lib" /MACHINE:X86 Debug\ImageCompressor.exe.embed.manifest.res
         Debug\ImageCompressor.obj
         Debug\ImageRectangle.obj
         Debug\stdafx.obj
       Manifest:
         C:\Program Files (x86)\Microsoft SDKs\Windows\v7.0A\bin\mt.exe /nologo /verbose /out:"Debug\ImageCompressor.exe.embed.manifest" /manifest Debug\ImageCompressor.exe.intermediate.manifest
         Для всех выходных данных обновления не требуется.
       LinkEmbedManifest:
         Для всех выходных данных обновления не требуется.
         ImageCompressor.vcxproj -> D:\My Programs\ImageCompressor\Debug\ImageCompressor.exe
       FinalizeBuildStatus:
         Файл "Debug\ImageCompressor.unsuccessfulbuild" удаляется.
         Обращение к "Debug\ImageCompressor.lastbuildstate".
     1>Построение проекта "D:\My Programs\ImageCompressor\ImageCompressor\ImageCompressor.vcxproj" завершено (целевые объекты build).

Построение успешно завершено.

Затраченное время: 00:00:06.19
